<?xml version="1.0" encoding="UTF-8"?>
<!-- Generated by org.testng.reporters.JUnitReportReporter -->
<testsuite hostname="MansiPatel" failures="0" tests="2" name="tests.TestsExample" time="2.122" errors="0" timestamp="2023-09-18T14:56:46 EDT" skipped="0">
  <testcase classname="tests.TestsExample" name="test_2" time="0.682"/>
  <testcase classname="tests.TestsExample" name="test_1" time="1.440"/>
</testsuite> <!-- tests.TestsExample -->
