<?xml version="1.0" encoding="UTF-8"?>
<!-- Generated by org.testng.reporters.JUnitReportReporter -->
<testsuite hostname="MansiPatel" failures="0" tests="3" name="tests.PutPatchDeleteExamples" time="2.038" errors="0" timestamp="2023-09-18T15:40:19 EDT" skipped="0">
  <testcase classname="tests.PutPatchDeleteExamples" name="testPatch" time="0.281"/>
  <testcase classname="tests.PutPatchDeleteExamples" name="testDelete" time="1.505"/>
  <testcase classname="tests.PutPatchDeleteExamples" name="testPut" time="0.252"/>
</testsuite> <!-- tests.PutPatchDeleteExamples -->
