<?xml version="1.0" encoding="UTF-8"?>
<!-- Generated by org.testng.reporters.JUnitReportReporter -->
<testsuite hostname="MansiPatel" failures="0" tests="2" name="tests.GetAndPostExamples" time="1.986" errors="0" timestamp="2023-09-18T17:56:51 EDT" skipped="0">
  <testcase classname="tests.GetAndPostExamples" name="testGet" time="1.695"/>
  <testcase classname="tests.GetAndPostExamples" name="testPost" time="0.291"/>
</testsuite> <!-- tests.GetAndPostExamples -->
