<?xml version="1.0" encoding="UTF-8"?>
<!-- Generated by org.testng.reporters.JUnitReportReporter -->
<testsuite hostname="MansiPatel" failures="0" tests="1" name="tests.TestOnLocalAPI" time="1.151" errors="0" timestamp="2023-09-18T17:23:15 EDT" skipped="0">
  <testcase classname="tests.TestOnLocalAPI" name="post" time="1.151"/>
</testsuite> <!-- tests.TestOnLocalAPI -->
