<?xml version="1.0" encoding="UTF-8"?>
<!-- Generated by org.testng.reporters.JUnitReportReporter -->
<testsuite hostname="MansiPatel" failures="0" tests="1" name="tests.JSONSchemaValidator" time="2.077" errors="0" timestamp="2023-09-18T17:59:22 EDT" skipped="0">
  <testcase classname="tests.JSONSchemaValidator" name="testGet" time="2.077"/>
</testsuite> <!-- tests.JSONSchemaValidator -->
