<?xml version="1.0" encoding="UTF-8"?>
<!-- Generated by org.testng.reporters.JUnitReportReporter -->
<testsuite hostname="MansiPatel" failures="0" tests="1" name="tests.SoapXMLRequest" time="2.138" errors="0" timestamp="2023-09-18T18:52:48 EDT" skipped="0">
  <testcase classname="tests.SoapXMLRequest" name="validateSoapXML" time="2.138"/>
</testsuite> <!-- tests.SoapXMLRequest -->
